<?xml version="1.0" encoding="UTF-8"?>
<testng-results ignored="0" total="1" passed="1" failed="0" skipped="0">
  <reporter-output>
  </reporter-output>
  <suite started-at="2022-05-17T13:04:04 IST" name="Default suite" finished-at="2022-05-17T13:04:04 IST" duration-ms="96">
    <groups>
    </groups>
    <test started-at="2022-05-17T13:04:04 IST" name="Default test" finished-at="2022-05-17T13:04:04 IST" duration-ms="96">
      <class name="test.Checking">
        <test-method signature="testCaseOne()[pri:0, instance:test.Checking@159f197]" started-at="2022-05-17T13:04:04 IST" name="testCaseOne" finished-at="2022-05-17T13:04:04 IST" duration-ms="22" status="PASS">
          <reporter-output>
          </reporter-output>
        </test-method> <!-- testCaseOne -->
      </class> <!-- test.Checking -->
    </test> <!-- Default test -->
  </suite> <!-- Default suite -->
</testng-results>
